<?xml version="1.0" encoding="UTF-8"?>
<testsuite name="RegistrationForm" tests="1" skipped="0" failures="0" errors="0" timestamp="2022-08-13T10:57:25" hostname="DESKTOP-DGU9JC8" time="30.163">
  <properties/>
  <testcase name="practiceForm" classname="RegistrationForm" time="30.163"/>
  <system-out><![CDATA[[{"Student Name":"Imran Sarker","Address":"East Nasirabad, Chittagong-4209","State and City":"","Picture":"aa.png","Student Email":"imranabc@gmail.com","Date of Birth":"01 December,1996","Gender":"Male","Mobile":"0183356448","Subjects":"","Hobbies":"Reading"}]]]></system-out>
  <system-err><![CDATA[SLF4J: Failed to load class "org.slf4j.impl.StaticLoggerBinder".
SLF4J: Defaulting to no-operation (NOP) logger implementation
SLF4J: See http://www.slf4j.org/codes.html#StaticLoggerBinder for further details.
Starting ChromeDriver 103.0.5060.134 (8ec6fce403b3feb0869b0732eda8bd95011d333c-refs/branch-heads/5060@{#1262}) on port 53633
Only local connections are allowed.
Please see https://chromedriver.chromium.org/security-considerations for suggestions on keeping ChromeDriver safe.
ChromeDriver was started successfully.
[1660388248.407][WARNING]: This version of ChromeDriver has not been tested with Chrome version 104.
Aug 13, 2022 4:57:28 PM org.openqa.selenium.remote.ProtocolHandshake createSession
INFO: Detected upstream dialect: W3C
Aug 13, 2022 4:57:29 PM org.openqa.selenium.devtools.CdpVersionFinder findNearestMatch
WARNING: Unable to find an exact match for CDP version 104, so returning the closest version found: 103
Aug 13, 2022 4:57:29 PM org.openqa.selenium.devtools.CdpVersionFinder findNearestMatch
INFO: Found CDP implementation for version 104 of 103
]]></system-err>
</testsuite>
